# JRE version: OpenJDK Runtime Environment (8.0_152-b01) (build 1.8.0_152-release-915-b01)
# Java VM: OpenJDK 64-Bit Server VM (25.152-b01 mixed mode windows-amd64 compressed oops)
Heap:
 PSYoungGen      total 226304K, used 5370K [0x00000000e0000000, 0x00000000ef880000, 0x0000000100000000)
  eden space 211968K, 2% used [0x00000000e0000000,0x00000000e053e958,0x00000000ecf00000)
  from space 14336K, 0% used [0x00000000ecf00000,0x00000000ecf00000,0x00000000edd00000)
  to   space 14848K, 0% used [0x00000000edd00000,0x00000000edd00000,0x00000000eeb80000)
 ParOldGen       total 166912K, used 40682K [0x00000000a0000000, 0x00000000aa300000, 0x00000000e0000000)
  object space 166912K, 24% used [0x00000000a0000000,0x00000000a27ba9d8,0x00000000aa300000)
 Metaspace       used 57716K, capacity 59600K, committed 59736K, reserved 1101824K
  class space    used 7767K, capacity 8209K, committed 8320K, reserved 1048576K
GC Heap History (10 events):
Event: 4.488 GC heap before
{Heap before GC invocations=8 (full 2):
 PSYoungGen      total 226816K, used 7673K [0x00000000e0000000, 0x00000000ef880000, 0x0000000100000000)
  eden space 211968K, 0% used [0x00000000e0000000,0x00000000e0000000,0x00000000ecf00000)
  from space 14848K, 51% used [0x00000000edd00000,0x00000000ee47e710,0x00000000eeb80000)
  to   space 14336K, 0% used [0x00000000ecf00000,0x00000000ecf00000,0x00000000edd00000)
 ParOldGen       total 83968K, used 7831K [0x00000000a0000000, 0x00000000a5200000, 0x00000000e0000000)
  object space 83968K, 9% used [0x00000000a0000000,0x00000000a07a5cf0,0x00000000a5200000)
 Metaspace       used 34467K, capacity 35222K, committed 35416K, reserved 1079296K
  class space    used 4680K, capacity 4965K, committed 4992K, reserved 1048576K
Event: 4.532 GC heap after
Heap after GC invocations=8 (full 2):
 PSYoungGen      total 226816K, used 0K [0x00000000e0000000, 0x00000000ef880000, 0x0000000100000000)
  eden space 211968K, 0% used [0x00000000e0000000,0x00000000e0000000,0x00000000ecf00000)
  from space 14848K, 0% used [0x00000000edd00000,0x00000000edd00000,0x00000000eeb80000)
  to   space 14336K, 0% used [0x00000000ecf00000,0x00000000ecf00000,0x00000000edd00000)
 ParOldGen       total 111616K, used 14050K [0x00000000a0000000, 0x00000000a6d00000, 0x00000000e0000000)
  object space 111616K, 12% used [0x00000000a0000000,0x00000000a0db89c0,0x00000000a6d00000)
 Metaspace       used 34467K, capacity 35222K, committed 35416K, reserved 1079296K
  class space    used 4680K, capacity 4965K, committed 4992K, reserved 1048576K
}
Event: 6.297 GC heap before
{Heap before GC invocations=9 (full 2):
 PSYoungGen      total 226816K, used 211968K [0x00000000e0000000, 0x00000000ef880000, 0x0000000100000000)
  eden space 211968K, 100% used [0x00000000e0000000,0x00000000ecf00000,0x00000000ecf00000)
  from space 14848K, 0% used [0x00000000edd00000,0x00000000edd00000,0x00000000eeb80000)
  to   space 14336K, 0% used [0x00000000ecf00000,0x00000000ecf00000,0x00000000edd00000)
 ParOldGen       total 111616K, used 14050K [0x00000000a0000000, 0x00000000a6d00000, 0x00000000e0000000)
  object space 111616K, 12% used [0x00000000a0000000,0x00000000a0db89c0,0x00000000a6d00000)
 Metaspace       used 49526K, capacity 51022K, committed 51160K, reserved 1093632K
  class space    used 6666K, capacity 7056K, committed 7168K, reserved 1048576K
Event: 6.312 GC heap after
Heap after GC invocations=9 (full 2):
 PSYoungGen      total 226304K, used 14320K [0x00000000e0000000, 0x00000000ef880000, 0x0000000100000000)
  eden space 211968K, 0% used [0x00000000e0000000,0x00000000e0000000,0x00000000ecf00000)
  from space 14336K, 99% used [0x00000000ecf00000,0x00000000edcfc388,0x00000000edd00000)
  to   space 14848K, 0% used [0x00000000edd00000,0x00000000edd00000,0x00000000eeb80000)
 ParOldGen       total 111616K, used 20231K [0x00000000a0000000, 0x00000000a6d00000, 0x00000000e0000000)
  object space 111616K, 18% used [0x00000000a0000000,0x00000000a13c1fa0,0x00000000a6d00000)
 Metaspace       used 49526K, capacity 51022K, committed 51160K, reserved 1093632K
  class space    used 6666K, capacity 7056K, committed 7168K, reserved 1048576K
}
Event: 8.329 GC heap before
{Heap before GC invocations=10 (full 2):
 PSYoungGen      total 226304K, used 226288K [0x00000000e0000000, 0x00000000ef880000, 0x0000000100000000)
  eden space 211968K, 100% used [0x00000000e0000000,0x00000000ecf00000,0x00000000ecf00000)
  from space 14336K, 99% used [0x00000000ecf00000,0x00000000edcfc388,0x00000000edd00000)
  to   space 14848K, 0% used [0x00000000edd00000,0x00000000edd00000,0x00000000eeb80000)
 ParOldGen       total 111616K, used 20231K [0x00000000a0000000, 0x00000000a6d00000, 0x00000000e0000000)
  object space 111616K, 18% used [0x00000000a0000000,0x00000000a13c1fa0,0x00000000a6d00000)
 Metaspace       used 55327K, capacity 57108K, committed 57304K, reserved 1099776K
  class space    used 7428K, capacity 7861K, committed 7936K, reserved 1048576K
Event: 8.343 GC heap after
Heap after GC invocations=10 (full 2):
 PSYoungGen      total 226816K, used 14837K [0x00000000e0000000, 0x00000000ef880000, 0x0000000100000000)
  eden space 211968K, 0% used [0x00000000e0000000,0x00000000e0000000,0x00000000ecf00000)
  from space 14848K, 99% used [0x00000000edd00000,0x00000000eeb7d520,0x00000000eeb80000)
  to   space 14336K, 0% used [0x00000000ecf00000,0x00000000ecf00000,0x00000000edd00000)
 ParOldGen       total 111616K, used 27141K [0x00000000a0000000, 0x00000000a6d00000, 0x00000000e0000000)
  object space 111616K, 24% used [0x00000000a0000000,0x00000000a1a817c0,0x00000000a6d00000)
 Metaspace       used 55327K, capacity 57108K, committed 57304K, reserved 1099776K
  class space    used 7428K, capacity 7861K, committed 7936K, reserved 1048576K
}
Event: 30.757 GC heap before
{Heap before GC invocations=11 (full 2):
 PSYoungGen      total 226816K, used 83666K [0x00000000e0000000, 0x00000000ef880000, 0x0000000100000000)
  eden space 211968K, 32% used [0x00000000e0000000,0x00000000e43374a0,0x00000000ecf00000)
  from space 14848K, 99% used [0x00000000edd00000,0x00000000eeb7d520,0x00000000eeb80000)
  to   space 14336K, 0% used [0x00000000ecf00000,0x00000000ecf00000,0x00000000edd00000)
 ParOldGen       total 111616K, used 27141K [0x00000000a0000000, 0x00000000a6d00000, 0x00000000e0000000)
  object space 111616K, 24% used [0x00000000a0000000,0x00000000a1a817c0,0x00000000a6d00000)
 Metaspace       used 57093K, capacity 58928K, committed 59028K, reserved 1099776K
  class space    used 7669K, capacity 8113K, committed 8192K, reserved 1048576K
Event: 30.769 GC heap after
Heap after GC invocations=11 (full 2):
 PSYoungGen      total 226304K, used 14309K [0x00000000e0000000, 0x00000000ef880000, 0x0000000100000000)
  eden space 211968K, 0% used [0x00000000e0000000,0x00000000e0000000,0x00000000ecf00000)
  from space 14336K, 99% used [0x00000000ecf00000,0x00000000edcf94c0,0x00000000edd00000)
  to   space 14848K, 0% used [0x00000000edd00000,0x00000000edd00000,0x00000000eeb80000)
 ParOldGen       total 111616K, used 33587K [0x00000000a0000000, 0x00000000a6d00000, 0x00000000e0000000)
  object space 111616K, 30% used [0x00000000a0000000,0x00000000a20ccd98,0x00000000a6d00000)
 Metaspace       used 57093K, capacity 58928K, committed 59028K, reserved 1099776K
  class space    used 7669K, capacity 8113K, committed 8192K, reserved 1048576K
}
Event: 30.769 GC heap before
{Heap before GC invocations=12 (full 3):
 PSYoungGen      total 226304K, used 14309K [0x00000000e0000000, 0x00000000ef880000, 0x0000000100000000)
  eden space 211968K, 0% used [0x00000000e0000000,0x00000000e0000000,0x00000000ecf00000)
  from space 14336K, 99% used [0x00000000ecf00000,0x00000000edcf94c0,0x00000000edd00000)
  to   space 14848K, 0% used [0x00000000edd00000,0x00000000edd00000,0x00000000eeb80000)
 ParOldGen       total 111616K, used 33587K [0x00000000a0000000, 0x00000000a6d00000, 0x00000000e0000000)
  object space 111616K, 30% used [0x00000000a0000000,0x00000000a20ccd98,0x00000000a6d00000)
 Metaspace       used 57093K, capacity 58928K, committed 59028K, reserved 1099776K
  class space    used 7669K, capacity 8113K, committed 8192K, reserved 1048576K
Event: 30.994 GC heap after
Heap after GC invocations=12 (full 3):
 PSYoungGen      total 226304K, used 0K [0x00000000e0000000, 0x00000000ef880000, 0x0000000100000000)
  eden space 211968K, 0% used [0x00000000e0000000,0x00000000e0000000,0x00000000ecf00000)
  from space 14336K, 0% used [0x00000000ecf00000,0x00000000ecf00000,0x00000000edd00000)
  to   space 14848K, 0% used [0x00000000edd00000,0x00000000edd00000,0x00000000eeb80000)
 ParOldGen       total 166912K, used 40682K [0x00000000a0000000, 0x00000000aa300000, 0x00000000e0000000)
  object space 166912K, 24% used [0x00000000a0000000,0x00000000a27ba9d8,0x00000000aa300000)
 Metaspace       used 57093K, capacity 58928K, committed 59028K, reserved 1099776K
  class space    used 7669K, capacity 8113K, committed 8192K, reserved 1048576K
}

