# JRE version: OpenJDK Runtime Environment (8.0_152-b01) (build 1.8.0_152-release-915-b01)
# Java VM: OpenJDK 64-Bit Server VM (25.152-b01 mixed mode windows-amd64 compressed oops)
Heap:
 PSYoungGen      total 176128K, used 105228K [0x00000000e0000000, 0x00000000efa00000, 0x0000000100000000)
  eden space 163840K, 56% used [0x00000000e0000000,0x00000000e5acaae0,0x00000000ea000000)
  from space 12288K, 99% used [0x00000000ea000000,0x00000000eabf8800,0x00000000eac00000)
  to   space 15872K, 0% used [0x00000000eea80000,0x00000000eea80000,0x00000000efa00000)
 ParOldGen       total 159232K, used 19466K [0x00000000a0000000, 0x00000000a9b80000, 0x00000000e0000000)
  object space 159232K, 12% used [0x00000000a0000000,0x00000000a1302ad0,0x00000000a9b80000)
 Metaspace       used 52340K, capacity 54054K, committed 54104K, reserved 1095680K
  class space    used 7118K, capacity 7544K, committed 7552K, reserved 1048576K
GC Heap History (10 events):
Event: 3.296 GC heap before
{Heap before GC invocations=5 (full 1):
 PSYoungGen      total 75776K, used 65024K [0x00000000e0000000, 0x00000000e9400000, 0x0000000100000000)
  eden space 65024K, 100% used [0x00000000e0000000,0x00000000e3f80000,0x00000000e3f80000)
  from space 10752K, 0% used [0x00000000e3f80000,0x00000000e3f80000,0x00000000e4a00000)
  to   space 10752K, 0% used [0x00000000e8980000,0x00000000e8980000,0x00000000e9400000)
 ParOldGen       total 97280K, used 6610K [0x00000000a0000000, 0x00000000a5f00000, 0x00000000e0000000)
  object space 97280K, 6% used [0x00000000a0000000,0x00000000a0674be8,0x00000000a5f00000)
 Metaspace       used 25706K, capacity 26342K, committed 26496K, reserved 1073152K
  class space    used 3500K, capacity 3702K, committed 3712K, reserved 1048576K
Event: 3.302 GC heap after
Heap after GC invocations=5 (full 1):
 PSYoungGen      total 112128K, used 7259K [0x00000000e0000000, 0x00000000e9100000, 0x0000000100000000)
  eden space 104448K, 0% used [0x00000000e0000000,0x00000000e0000000,0x00000000e6600000)
  from space 7680K, 94% used [0x00000000e8980000,0x00000000e9096c80,0x00000000e9100000)
  to   space 10752K, 0% used [0x00000000e7c00000,0x00000000e7c00000,0x00000000e8680000)
 ParOldGen       total 97280K, used 6618K [0x00000000a0000000, 0x00000000a5f00000, 0x00000000e0000000)
  object space 97280K, 6% used [0x00000000a0000000,0x00000000a0676be8,0x00000000a5f00000)
 Metaspace       used 25706K, capacity 26342K, committed 26496K, reserved 1073152K
  class space    used 3500K, capacity 3702K, committed 3712K, reserved 1048576K
}
Event: 4.346 GC heap before
{Heap before GC invocations=6 (full 1):
 PSYoungGen      total 112128K, used 111707K [0x00000000e0000000, 0x00000000e9100000, 0x0000000100000000)
  eden space 104448K, 100% used [0x00000000e0000000,0x00000000e6600000,0x00000000e6600000)
  from space 7680K, 94% used [0x00000000e8980000,0x00000000e9096c80,0x00000000e9100000)
  to   space 10752K, 0% used [0x00000000e7c00000,0x00000000e7c00000,0x00000000e8680000)
 ParOldGen       total 97280K, used 6618K [0x00000000a0000000, 0x00000000a5f00000, 0x00000000e0000000)
  object space 97280K, 6% used [0x00000000a0000000,0x00000000a0676be8,0x00000000a5f00000)
 Metaspace       used 30986K, capacity 31630K, committed 31872K, reserved 1077248K
  class space    used 4217K, capacity 4396K, committed 4480K, reserved 1048576K
Event: 4.354 GC heap after
Heap after GC invocations=6 (full 1):
 PSYoungGen      total 137728K, used 9244K [0x00000000e0000000, 0x00000000eb880000, 0x0000000100000000)
  eden space 126976K, 0% used [0x00000000e0000000,0x00000000e0000000,0x00000000e7c00000)
  from space 10752K, 85% used [0x00000000e7c00000,0x00000000e8507388,0x00000000e8680000)
  to   space 12800K, 0% used [0x00000000eac00000,0x00000000eac00000,0x00000000eb880000)
 ParOldGen       total 97280K, used 6690K [0x00000000a0000000, 0x00000000a5f00000, 0x00000000e0000000)
  object space 97280K, 6% used [0x00000000a0000000,0x00000000a0688bf8,0x00000000a5f00000)
 Metaspace       used 30986K, capacity 31630K, committed 31872K, reserved 1077248K
  class space    used 4217K, capacity 4396K, committed 4480K, reserved 1048576K
}
Event: 4.692 GC heap before
{Heap before GC invocations=7 (full 1):
 PSYoungGen      total 137728K, used 33899K [0x00000000e0000000, 0x00000000eb880000, 0x0000000100000000)
  eden space 126976K, 19% used [0x00000000e0000000,0x00000000e1813990,0x00000000e7c00000)
  from space 10752K, 85% used [0x00000000e7c00000,0x00000000e8507388,0x00000000e8680000)
  to   space 12800K, 0% used [0x00000000eac00000,0x00000000eac00000,0x00000000eb880000)
 ParOldGen       total 97280K, used 6690K [0x00000000a0000000, 0x00000000a5f00000, 0x00000000e0000000)
  object space 97280K, 6% used [0x00000000a0000000,0x00000000a0688bf8,0x00000000a5f00000)
 Metaspace       used 34399K, capacity 35166K, committed 35416K, reserved 1079296K
  class space    used 4677K, capacity 4925K, committed 4992K, reserved 1048576K
Event: 4.698 GC heap after
Heap after GC invocations=7 (full 1):
 PSYoungGen      total 176640K, used 9251K [0x00000000e0000000, 0x00000000eda80000, 0x0000000100000000)
  eden space 163840K, 0% used [0x00000000e0000000,0x00000000e0000000,0x00000000ea000000)
  from space 12800K, 72% used [0x00000000eac00000,0x00000000eb508d80,0x00000000eb880000)
  to   space 12288K, 0% used [0x00000000ea000000,0x00000000ea000000,0x00000000eac00000)
 ParOldGen       total 97280K, used 6698K [0x00000000a0000000, 0x00000000a5f00000, 0x00000000e0000000)
  object space 97280K, 6% used [0x00000000a0000000,0x00000000a068abf8,0x00000000a5f00000)
 Metaspace       used 34399K, capacity 35166K, committed 35416K, reserved 1079296K
  class space    used 4677K, capacity 4925K, committed 4992K, reserved 1048576K
}
Event: 4.698 GC heap before
{Heap before GC invocations=8 (full 2):
 PSYoungGen      total 176640K, used 9251K [0x00000000e0000000, 0x00000000eda80000, 0x0000000100000000)
  eden space 163840K, 0% used [0x00000000e0000000,0x00000000e0000000,0x00000000ea000000)
  from space 12800K, 72% used [0x00000000eac00000,0x00000000eb508d80,0x00000000eb880000)
  to   space 12288K, 0% used [0x00000000ea000000,0x00000000ea000000,0x00000000eac00000)
 ParOldGen       total 97280K, used 6698K [0x00000000a0000000, 0x00000000a5f00000, 0x00000000e0000000)
  object space 97280K, 6% used [0x00000000a0000000,0x00000000a068abf8,0x00000000a5f00000)
 Metaspace       used 34399K, capacity 35166K, committed 35416K, reserved 1079296K
  class space    used 4677K, capacity 4925K, committed 4992K, reserved 1048576K
Event: 4.770 GC heap after
Heap after GC invocations=8 (full 2):
 PSYoungGen      total 176640K, used 0K [0x00000000e0000000, 0x00000000eda80000, 0x0000000100000000)
  eden space 163840K, 0% used [0x00000000e0000000,0x00000000e0000000,0x00000000ea000000)
  from space 12800K, 0% used [0x00000000eac00000,0x00000000eac00000,0x00000000eb880000)
  to   space 12288K, 0% used [0x00000000ea000000,0x00000000ea000000,0x00000000eac00000)
 ParOldGen       total 159232K, used 15474K [0x00000000a0000000, 0x00000000a9b80000, 0x00000000e0000000)
  object space 159232K, 9% used [0x00000000a0000000,0x00000000a0f1c918,0x00000000a9b80000)
 Metaspace       used 34399K, capacity 35166K, committed 35416K, reserved 1079296K
  class space    used 4677K, capacity 4925K, committed 4992K, reserved 1048576K
}
Event: 6.222 GC heap before
{Heap before GC invocations=9 (full 2):
 PSYoungGen      total 176640K, used 163840K [0x00000000e0000000, 0x00000000eda80000, 0x0000000100000000)
  eden space 163840K, 100% used [0x00000000e0000000,0x00000000ea000000,0x00000000ea000000)
  from space 12800K, 0% used [0x00000000eac00000,0x00000000eac00000,0x00000000eb880000)
  to   space 12288K, 0% used [0x00000000ea000000,0x00000000ea000000,0x00000000eac00000)
 ParOldGen       total 159232K, used 15474K [0x00000000a0000000, 0x00000000a9b80000, 0x00000000e0000000)
  object space 159232K, 9% used [0x00000000a0000000,0x00000000a0f1c918,0x00000000a9b80000)
 Metaspace       used 46131K, capacity 47174K, committed 47448K, reserved 1089536K
  class space    used 6169K, capacity 6510K, committed 6528K, reserved 1048576K
Event: 6.232 GC heap after
Heap after GC invocations=9 (full 2):
 PSYoungGen      total 176128K, used 12258K [0x00000000e0000000, 0x00000000efa00000, 0x0000000100000000)
  eden space 163840K, 0% used [0x00000000e0000000,0x00000000e0000000,0x00000000ea000000)
  from space 12288K, 99% used [0x00000000ea000000,0x00000000eabf8800,0x00000000eac00000)
  to   space 15872K, 0% used [0x00000000eea80000,0x00000000eea80000,0x00000000efa00000)
 ParOldGen       total 159232K, used 19466K [0x00000000a0000000, 0x00000000a9b80000, 0x00000000e0000000)
  object space 159232K, 12% used [0x00000000a0000000,0x00000000a1302ad0,0x00000000a9b80000)
 Metaspace       used 46131K, capacity 47174K, committed 47448K, reserved 1089536K
  class space    used 6169K, capacity 6510K, committed 6528K, reserved 1048576K
}

