# JRE version: OpenJDK Runtime Environment (8.0_152-b01) (build 1.8.0_152-release-915-b01)
# Java VM: OpenJDK 64-Bit Server VM (25.152-b01 mixed mode windows-amd64 compressed oops)
Heap:
 PSYoungGen      total 339456K, used 23372K [0x00000000e0000000, 0x00000000fa580000, 0x0000000100000000)
  eden space 312832K, 7% used [0x00000000e0000000,0x00000000e16d3320,0x00000000f3180000)
  from space 26624K, 0% used [0x00000000f3180000,0x00000000f3180000,0x00000000f4b80000)
  to   space 26112K, 0% used [0x00000000f4b80000,0x00000000f4b80000,0x00000000f6500000)
 ParOldGen       total 138752K, used 34793K [0x00000000a0000000, 0x00000000a8780000, 0x00000000e0000000)
  object space 138752K, 25% used [0x00000000a0000000,0x00000000a21fa6d8,0x00000000a8780000)
 Metaspace       used 59089K, capacity 61534K, committed 61784K, reserved 1101824K
  class space    used 7966K, capacity 8510K, committed 8576K, reserved 1048576K
GC Heap History (10 events):
Event: 11.003 GC heap before
{Heap before GC invocations=10 (full 2):
 PSYoungGen      total 203264K, used 203237K [0x00000000e0000000, 0x00000000f2b80000, 0x0000000100000000)
  eden space 190464K, 100% used [0x00000000e0000000,0x00000000eba00000,0x00000000eba00000)
  from space 12800K, 99% used [0x00000000eba00000,0x00000000ec679638,0x00000000ec680000)
  to   space 16896K, 0% used [0x00000000f1b00000,0x00000000f1b00000,0x00000000f2b80000)
 ParOldGen       total 138752K, used 20267K [0x00000000a0000000, 0x00000000a8780000, 0x00000000e0000000)
  object space 138752K, 14% used [0x00000000a0000000,0x00000000a13cae98,0x00000000a8780000)
 Metaspace       used 53845K, capacity 55672K, committed 55896K, reserved 1097728K
  class space    used 7276K, capacity 7719K, committed 7808K, reserved 1048576K
Event: 11.018 GC heap after
Heap after GC invocations=10 (full 2):
 PSYoungGen      total 280064K, used 16869K [0x00000000e0000000, 0x00000000f2c00000, 0x0000000100000000)
  eden space 263168K, 0% used [0x00000000e0000000,0x00000000e0000000,0x00000000f0100000)
  from space 16896K, 99% used [0x00000000f1b00000,0x00000000f2b79530,0x00000000f2b80000)
  to   space 22016K, 0% used [0x00000000f0100000,0x00000000f0100000,0x00000000f1680000)
 ParOldGen       total 138752K, used 27399K [0x00000000a0000000, 0x00000000a8780000, 0x00000000e0000000)
  object space 138752K, 19% used [0x00000000a0000000,0x00000000a1ac1f90,0x00000000a8780000)
 Metaspace       used 53845K, capacity 55672K, committed 55896K, reserved 1097728K
  class space    used 7276K, capacity 7719K, committed 7808K, reserved 1048576K
}
Event: 242.947 GC heap before
{Heap before GC invocations=11 (full 2):
 PSYoungGen      total 280064K, used 279783K [0x00000000e0000000, 0x00000000f2c00000, 0x0000000100000000)
  eden space 263168K, 99% used [0x00000000e0000000,0x00000000f00c0870,0x00000000f0100000)
  from space 16896K, 99% used [0x00000000f1b00000,0x00000000f2b79530,0x00000000f2b80000)
  to   space 22016K, 0% used [0x00000000f0100000,0x00000000f0100000,0x00000000f1680000)
 ParOldGen       total 138752K, used 27399K [0x00000000a0000000, 0x00000000a8780000, 0x00000000e0000000)
  object space 138752K, 19% used [0x00000000a0000000,0x00000000a1ac1f90,0x00000000a8780000)
 Metaspace       used 56120K, capacity 58174K, committed 58200K, reserved 1099776K
  class space    used 7572K, capacity 8040K, committed 8064K, reserved 1048576K
Event: 242.967 GC heap after
Heap after GC invocations=11 (full 2):
 PSYoungGen      total 285184K, used 21985K [0x00000000e0000000, 0x00000000f6500000, 0x0000000100000000)
  eden space 263168K, 0% used [0x00000000e0000000,0x00000000e0000000,0x00000000f0100000)
  from space 22016K, 99% used [0x00000000f0100000,0x00000000f16784a0,0x00000000f1680000)
  to   space 26112K, 0% used [0x00000000f4b80000,0x00000000f4b80000,0x00000000f6500000)
 ParOldGen       total 138752K, used 29654K [0x00000000a0000000, 0x00000000a8780000, 0x00000000e0000000)
  object space 138752K, 21% used [0x00000000a0000000,0x00000000a1cf5878,0x00000000a8780000)
 Metaspace       used 56120K, capacity 58174K, committed 58200K, reserved 1099776K
  class space    used 7572K, capacity 8040K, committed 8064K, reserved 1048576K
}
Event: 243.009 GC heap before
{Heap before GC invocations=12 (full 2):
 PSYoungGen      total 285184K, used 284627K [0x00000000e0000000, 0x00000000f6500000, 0x0000000100000000)
  eden space 263168K, 99% used [0x00000000e0000000,0x00000000f007cb08,0x00000000f0100000)
  from space 22016K, 99% used [0x00000000f0100000,0x00000000f16784a0,0x00000000f1680000)
  to   space 26112K, 0% used [0x00000000f4b80000,0x00000000f4b80000,0x00000000f6500000)
 ParOldGen       total 138752K, used 29654K [0x00000000a0000000, 0x00000000a8780000, 0x00000000e0000000)
  object space 138752K, 21% used [0x00000000a0000000,0x00000000a1cf5878,0x00000000a8780000)
 Metaspace       used 56128K, capacity 58174K, committed 58200K, reserved 1099776K
  class space    used 7572K, capacity 8040K, committed 8064K, reserved 1048576K
Event: 243.022 GC heap after
Heap after GC invocations=12 (full 2):
 PSYoungGen      total 338944K, used 3112K [0x00000000e0000000, 0x00000000fa580000, 0x0000000100000000)
  eden space 312832K, 0% used [0x00000000e0000000,0x00000000e0000000,0x00000000f3180000)
  from space 26112K, 11% used [0x00000000f4b80000,0x00000000f4e8a180,0x00000000f6500000)
  to   space 26624K, 0% used [0x00000000f3180000,0x00000000f3180000,0x00000000f4b80000)
 ParOldGen       total 138752K, used 46461K [0x00000000a0000000, 0x00000000a8780000, 0x00000000e0000000)
  object space 138752K, 33% used [0x00000000a0000000,0x00000000a2d5f678,0x00000000a8780000)
 Metaspace       used 56128K, capacity 58174K, committed 58200K, reserved 1099776K
  class space    used 7572K, capacity 8040K, committed 8064K, reserved 1048576K
}
Event: 243.261 GC heap before
{Heap before GC invocations=13 (full 2):
 PSYoungGen      total 338944K, used 73809K [0x00000000e0000000, 0x00000000fa580000, 0x0000000100000000)
  eden space 312832K, 22% used [0x00000000e0000000,0x00000000e450a668,0x00000000f3180000)
  from space 26112K, 11% used [0x00000000f4b80000,0x00000000f4e8a180,0x00000000f6500000)
  to   space 26624K, 0% used [0x00000000f3180000,0x00000000f3180000,0x00000000f4b80000)
 ParOldGen       total 138752K, used 46461K [0x00000000a0000000, 0x00000000a8780000, 0x00000000e0000000)
  object space 138752K, 33% used [0x00000000a0000000,0x00000000a2d5f678,0x00000000a8780000)
 Metaspace       used 56880K, capacity 58998K, committed 59028K, reserved 1099776K
  class space    used 7706K, capacity 8180K, committed 8192K, reserved 1048576K
Event: 243.265 GC heap after
Heap after GC invocations=13 (full 2):
 PSYoungGen      total 339456K, used 1037K [0x00000000e0000000, 0x00000000fa580000, 0x0000000100000000)
  eden space 312832K, 0% used [0x00000000e0000000,0x00000000e0000000,0x00000000f3180000)
  from space 26624K, 3% used [0x00000000f3180000,0x00000000f32834e0,0x00000000f4b80000)
  to   space 26112K, 0% used [0x00000000f4b80000,0x00000000f4b80000,0x00000000f6500000)
 ParOldGen       total 138752K, used 47174K [0x00000000a0000000, 0x00000000a8780000, 0x00000000e0000000)
  object space 138752K, 33% used [0x00000000a0000000,0x00000000a2e11be8,0x00000000a8780000)
 Metaspace       used 56880K, capacity 58998K, committed 59028K, reserved 1099776K
  class space    used 7706K, capacity 8180K, committed 8192K, reserved 1048576K
}
Event: 243.265 GC heap before
{Heap before GC invocations=14 (full 3):
 PSYoungGen      total 339456K, used 1037K [0x00000000e0000000, 0x00000000fa580000, 0x0000000100000000)
  eden space 312832K, 0% used [0x00000000e0000000,0x00000000e0000000,0x00000000f3180000)
  from space 26624K, 3% used [0x00000000f3180000,0x00000000f32834e0,0x00000000f4b80000)
  to   space 26112K, 0% used [0x00000000f4b80000,0x00000000f4b80000,0x00000000f6500000)
 ParOldGen       total 138752K, used 47174K [0x00000000a0000000, 0x00000000a8780000, 0x00000000e0000000)
  object space 138752K, 33% used [0x00000000a0000000,0x00000000a2e11be8,0x00000000a8780000)
 Metaspace       used 56880K, capacity 58998K, committed 59028K, reserved 1099776K
  class space    used 7706K, capacity 8180K, committed 8192K, reserved 1048576K
Event: 243.494 GC heap after
Heap after GC invocations=14 (full 3):
 PSYoungGen      total 339456K, used 0K [0x00000000e0000000, 0x00000000fa580000, 0x0000000100000000)
  eden space 312832K, 0% used [0x00000000e0000000,0x00000000e0000000,0x00000000f3180000)
  from space 26624K, 0% used [0x00000000f3180000,0x00000000f3180000,0x00000000f4b80000)
  to   space 26112K, 0% used [0x00000000f4b80000,0x00000000f4b80000,0x00000000f6500000)
 ParOldGen       total 138752K, used 34793K [0x00000000a0000000, 0x00000000a8780000, 0x00000000e0000000)
  object space 138752K, 25% used [0x00000000a0000000,0x00000000a21fa6d8,0x00000000a8780000)
 Metaspace       used 56880K, capacity 58998K, committed 59028K, reserved 1099776K
  class space    used 7706K, capacity 8180K, committed 8192K, reserved 1048576K
}

