# JRE version: OpenJDK Runtime Environment (8.0_152-b01) (build 1.8.0_152-release-915-b01)
# Java VM: OpenJDK 64-Bit Server VM (25.152-b01 mixed mode windows-amd64 compressed oops)
Heap:
 PSYoungGen      total 116736K, used 44425K [0x00000000e0000000, 0x00000000e7e80000, 0x0000000100000000)
  eden space 103936K, 31% used [0x00000000e0000000,0x00000000e1ff2ad8,0x00000000e6580000)
  from space 12800K, 91% used [0x00000000e6580000,0x00000000e70efba0,0x00000000e7200000)
  to   space 10752K, 0% used [0x00000000e7400000,0x00000000e7400000,0x00000000e7e80000)
 ParOldGen       total 93184K, used 16061K [0x00000000a0000000, 0x00000000a5b00000, 0x00000000e0000000)
  object space 93184K, 17% used [0x00000000a0000000,0x00000000a0faf458,0x00000000a5b00000)
 Metaspace       used 45882K, capacity 46902K, committed 47192K, reserved 1089536K
  class space    used 6155K, capacity 6496K, committed 6528K, reserved 1048576K
GC Heap History (10 events):
Event: 3.945 GC heap before
{Heap before GC invocations=5 (full 1):
 PSYoungGen      total 75776K, used 65024K [0x00000000e0000000, 0x00000000e5480000, 0x0000000100000000)
  eden space 65024K, 100% used [0x00000000e0000000,0x00000000e3f80000,0x00000000e3f80000)
  from space 10752K, 0% used [0x00000000e3f80000,0x00000000e3f80000,0x00000000e4a00000)
  to   space 10752K, 0% used [0x00000000e4a00000,0x00000000e4a00000,0x00000000e5480000)
 ParOldGen       total 93184K, used 6617K [0x00000000a0000000, 0x00000000a5b00000, 0x00000000e0000000)
  object space 93184K, 7% used [0x00000000a0000000,0x00000000a0676570,0x00000000a5b00000)
 Metaspace       used 25732K, capacity 26338K, committed 26496K, reserved 1073152K
  class space    used 3509K, capacity 3702K, committed 3712K, reserved 1048576K
Event: 3.956 GC heap after
Heap after GC invocations=5 (full 1):
 PSYoungGen      total 75776K, used 7268K [0x00000000e0000000, 0x00000000e7f80000, 0x0000000100000000)
  eden space 65024K, 0% used [0x00000000e0000000,0x00000000e0000000,0x00000000e3f80000)
  from space 10752K, 67% used [0x00000000e4a00000,0x00000000e5119018,0x00000000e5480000)
  to   space 10752K, 0% used [0x00000000e3f80000,0x00000000e3f80000,0x00000000e4a00000)
 ParOldGen       total 93184K, used 6625K [0x00000000a0000000, 0x00000000a5b00000, 0x00000000e0000000)
  object space 93184K, 7% used [0x00000000a0000000,0x00000000a0678570,0x00000000a5b00000)
 Metaspace       used 25732K, capacity 26338K, committed 26496K, reserved 1073152K
  class space    used 3509K, capacity 3702K, committed 3712K, reserved 1048576K
}
Event: 4.832 GC heap before
{Heap before GC invocations=6 (full 1):
 PSYoungGen      total 75776K, used 72292K [0x00000000e0000000, 0x00000000e7f80000, 0x0000000100000000)
  eden space 65024K, 100% used [0x00000000e0000000,0x00000000e3f80000,0x00000000e3f80000)
  from space 10752K, 67% used [0x00000000e4a00000,0x00000000e5119018,0x00000000e5480000)
  to   space 10752K, 0% used [0x00000000e3f80000,0x00000000e3f80000,0x00000000e4a00000)
 ParOldGen       total 93184K, used 6625K [0x00000000a0000000, 0x00000000a5b00000, 0x00000000e0000000)
  object space 93184K, 7% used [0x00000000a0000000,0x00000000a0678570,0x00000000a5b00000)
 Metaspace       used 30133K, capacity 30764K, committed 30976K, reserved 1075200K
  class space    used 4121K, capacity 4323K, committed 4352K, reserved 1048576K
Event: 4.839 GC heap after
Heap after GC invocations=6 (full 1):
 PSYoungGen      total 75776K, used 8407K [0x00000000e0000000, 0x00000000e8080000, 0x0000000100000000)
  eden space 65024K, 0% used [0x00000000e0000000,0x00000000e0000000,0x00000000e3f80000)
  from space 10752K, 78% used [0x00000000e3f80000,0x00000000e47b5c20,0x00000000e4a00000)
  to   space 12800K, 0% used [0x00000000e7400000,0x00000000e7400000,0x00000000e8080000)
 ParOldGen       total 93184K, used 6633K [0x00000000a0000000, 0x00000000a5b00000, 0x00000000e0000000)
  object space 93184K, 7% used [0x00000000a0000000,0x00000000a067a570,0x00000000a5b00000)
 Metaspace       used 30133K, capacity 30764K, committed 30976K, reserved 1075200K
  class space    used 4121K, capacity 4323K, committed 4352K, reserved 1048576K
}
Event: 5.978 GC heap before
{Heap before GC invocations=7 (full 1):
 PSYoungGen      total 75776K, used 67261K [0x00000000e0000000, 0x00000000e8080000, 0x0000000100000000)
  eden space 65024K, 90% used [0x00000000e0000000,0x00000000e3979bd0,0x00000000e3f80000)
  from space 10752K, 78% used [0x00000000e3f80000,0x00000000e47b5c20,0x00000000e4a00000)
  to   space 12800K, 0% used [0x00000000e7400000,0x00000000e7400000,0x00000000e8080000)
 ParOldGen       total 93184K, used 6633K [0x00000000a0000000, 0x00000000a5b00000, 0x00000000e0000000)
  object space 93184K, 7% used [0x00000000a0000000,0x00000000a067a570,0x00000000a5b00000)
 Metaspace       used 34415K, capacity 35194K, committed 35416K, reserved 1079296K
  class space    used 4684K, capacity 4957K, committed 4992K, reserved 1048576K
Event: 5.990 GC heap after
Heap after GC invocations=7 (full 1):
 PSYoungGen      total 114688K, used 9823K [0x00000000e0000000, 0x00000000e7e80000, 0x0000000100000000)
  eden space 103936K, 0% used [0x00000000e0000000,0x00000000e0000000,0x00000000e6580000)
  from space 10752K, 91% used [0x00000000e7400000,0x00000000e7d97c80,0x00000000e7e80000)
  to   space 12800K, 0% used [0x00000000e6580000,0x00000000e6580000,0x00000000e7200000)
 ParOldGen       total 93184K, used 6705K [0x00000000a0000000, 0x00000000a5b00000, 0x00000000e0000000)
  object space 93184K, 7% used [0x00000000a0000000,0x00000000a068c580,0x00000000a5b00000)
 Metaspace       used 34415K, capacity 35194K, committed 35416K, reserved 1079296K
  class space    used 4684K, capacity 4957K, committed 4992K, reserved 1048576K
}
Event: 5.990 GC heap before
{Heap before GC invocations=8 (full 2):
 PSYoungGen      total 114688K, used 9823K [0x00000000e0000000, 0x00000000e7e80000, 0x0000000100000000)
  eden space 103936K, 0% used [0x00000000e0000000,0x00000000e0000000,0x00000000e6580000)
  from space 10752K, 91% used [0x00000000e7400000,0x00000000e7d97c80,0x00000000e7e80000)
  to   space 12800K, 0% used [0x00000000e6580000,0x00000000e6580000,0x00000000e7200000)
 ParOldGen       total 93184K, used 6705K [0x00000000a0000000, 0x00000000a5b00000, 0x00000000e0000000)
  object space 93184K, 7% used [0x00000000a0000000,0x00000000a068c580,0x00000000a5b00000)
 Metaspace       used 34415K, capacity 35194K, committed 35416K, reserved 1079296K
  class space    used 4684K, capacity 4957K, committed 4992K, reserved 1048576K
Event: 6.117 GC heap after
Heap after GC invocations=8 (full 2):
 PSYoungGen      total 114688K, used 0K [0x00000000e0000000, 0x00000000e7e80000, 0x0000000100000000)
  eden space 103936K, 0% used [0x00000000e0000000,0x00000000e0000000,0x00000000e6580000)
  from space 10752K, 0% used [0x00000000e7400000,0x00000000e7400000,0x00000000e7e80000)
  to   space 12800K, 0% used [0x00000000e6580000,0x00000000e6580000,0x00000000e7200000)
 ParOldGen       total 93184K, used 16053K [0x00000000a0000000, 0x00000000a5b00000, 0x00000000e0000000)
  object space 93184K, 17% used [0x00000000a0000000,0x00000000a0fad458,0x00000000a5b00000)
 Metaspace       used 34415K, capacity 35194K, committed 35416K, reserved 1079296K
  class space    used 4684K, capacity 4957K, committed 4992K, reserved 1048576K
}
Event: 7.379 GC heap before
{Heap before GC invocations=9 (full 2):
 PSYoungGen      total 114688K, used 103936K [0x00000000e0000000, 0x00000000e7e80000, 0x0000000100000000)
  eden space 103936K, 100% used [0x00000000e0000000,0x00000000e6580000,0x00000000e6580000)
  from space 10752K, 0% used [0x00000000e7400000,0x00000000e7400000,0x00000000e7e80000)
  to   space 12800K, 0% used [0x00000000e6580000,0x00000000e6580000,0x00000000e7200000)
 ParOldGen       total 93184K, used 16053K [0x00000000a0000000, 0x00000000a5b00000, 0x00000000e0000000)
  object space 93184K, 17% used [0x00000000a0000000,0x00000000a0fad458,0x00000000a5b00000)
 Metaspace       used 41226K, capacity 42068K, committed 42328K, reserved 1085440K
  class space    used 5500K, capacity 5760K, committed 5760K, reserved 1048576K
Event: 7.387 GC heap after
Heap after GC invocations=9 (full 2):
 PSYoungGen      total 116736K, used 11710K [0x00000000e0000000, 0x00000000e7e80000, 0x0000000100000000)
  eden space 103936K, 0% used [0x00000000e0000000,0x00000000e0000000,0x00000000e6580000)
  from space 12800K, 91% used [0x00000000e6580000,0x00000000e70efba0,0x00000000e7200000)
  to   space 10752K, 0% used [0x00000000e7400000,0x00000000e7400000,0x00000000e7e80000)
 ParOldGen       total 93184K, used 16061K [0x00000000a0000000, 0x00000000a5b00000, 0x00000000e0000000)
  object space 93184K, 17% used [0x00000000a0000000,0x00000000a0faf458,0x00000000a5b00000)
 Metaspace       used 41226K, capacity 42068K, committed 42328K, reserved 1085440K
  class space    used 5500K, capacity 5760K, committed 5760K, reserved 1048576K
}

