# JRE version: OpenJDK Runtime Environment (8.0_152-b01) (build 1.8.0_152-release-915-b01)
# Java VM: OpenJDK 64-Bit Server VM (25.152-b01 mixed mode windows-amd64 compressed oops)
Heap:
 PSYoungGen      total 111616K, used 38591K [0x00000000e0000000, 0x00000000e7900000, 0x0000000100000000)
  eden space 99328K, 27% used [0x00000000e0000000,0x00000000e1ad3558,0x00000000e6100000)
  from space 12288K, 90% used [0x00000000e6100000,0x00000000e6bdc758,0x00000000e6d00000)
  to   space 10752K, 0% used [0x00000000e6e80000,0x00000000e6e80000,0x00000000e7900000)
 ParOldGen       total 97280K, used 16045K [0x00000000a0000000, 0x00000000a5f00000, 0x00000000e0000000)
  object space 97280K, 16% used [0x00000000a0000000,0x00000000a0fab778,0x00000000a5f00000)
 Metaspace       used 45776K, capacity 46770K, committed 47192K, reserved 1089536K
  class space    used 6155K, capacity 6496K, committed 6528K, reserved 1048576K
GC Heap History (10 events):
Event: 3.479 GC heap before
{Heap before GC invocations=5 (full 1):
 PSYoungGen      total 75776K, used 65024K [0x00000000e0000000, 0x00000000e5480000, 0x0000000100000000)
  eden space 65024K, 100% used [0x00000000e0000000,0x00000000e3f80000,0x00000000e3f80000)
  from space 10752K, 0% used [0x00000000e3f80000,0x00000000e3f80000,0x00000000e4a00000)
  to   space 10752K, 0% used [0x00000000e4a00000,0x00000000e4a00000,0x00000000e5480000)
 ParOldGen       total 97280K, used 6911K [0x00000000a0000000, 0x00000000a5f00000, 0x00000000e0000000)
  object space 97280K, 7% used [0x00000000a0000000,0x00000000a06bff50,0x00000000a5f00000)
 Metaspace       used 25762K, capacity 26398K, committed 26496K, reserved 1073152K
  class space    used 3512K, capacity 3702K, committed 3712K, reserved 1048576K
Event: 3.485 GC heap after
Heap after GC invocations=5 (full 1):
 PSYoungGen      total 75776K, used 7316K [0x00000000e0000000, 0x00000000e7a80000, 0x0000000100000000)
  eden space 65024K, 0% used [0x00000000e0000000,0x00000000e0000000,0x00000000e3f80000)
  from space 10752K, 68% used [0x00000000e4a00000,0x00000000e5125160,0x00000000e5480000)
  to   space 10752K, 0% used [0x00000000e3f80000,0x00000000e3f80000,0x00000000e4a00000)
 ParOldGen       total 97280K, used 6919K [0x00000000a0000000, 0x00000000a5f00000, 0x00000000e0000000)
  object space 97280K, 7% used [0x00000000a0000000,0x00000000a06c1f50,0x00000000a5f00000)
 Metaspace       used 25762K, capacity 26398K, committed 26496K, reserved 1073152K
  class space    used 3512K, capacity 3702K, committed 3712K, reserved 1048576K
}
Event: 4.160 GC heap before
{Heap before GC invocations=6 (full 1):
 PSYoungGen      total 75776K, used 72340K [0x00000000e0000000, 0x00000000e7a80000, 0x0000000100000000)
  eden space 65024K, 100% used [0x00000000e0000000,0x00000000e3f80000,0x00000000e3f80000)
  from space 10752K, 68% used [0x00000000e4a00000,0x00000000e5125160,0x00000000e5480000)
  to   space 10752K, 0% used [0x00000000e3f80000,0x00000000e3f80000,0x00000000e4a00000)
 ParOldGen       total 97280K, used 6919K [0x00000000a0000000, 0x00000000a5f00000, 0x00000000e0000000)
  object space 97280K, 7% used [0x00000000a0000000,0x00000000a06c1f50,0x00000000a5f00000)
 Metaspace       used 30151K, capacity 30824K, committed 30976K, reserved 1075200K
  class space    used 4124K, capacity 4323K, committed 4352K, reserved 1048576K
Event: 4.164 GC heap after
Heap after GC invocations=6 (full 1):
 PSYoungGen      total 75776K, used 8170K [0x00000000e0000000, 0x00000000e7a80000, 0x0000000100000000)
  eden space 65024K, 0% used [0x00000000e0000000,0x00000000e0000000,0x00000000e3f80000)
  from space 10752K, 75% used [0x00000000e3f80000,0x00000000e477a920,0x00000000e4a00000)
  to   space 12288K, 0% used [0x00000000e6e80000,0x00000000e6e80000,0x00000000e7a80000)
 ParOldGen       total 97280K, used 6991K [0x00000000a0000000, 0x00000000a5f00000, 0x00000000e0000000)
  object space 97280K, 7% used [0x00000000a0000000,0x00000000a06d3f60,0x00000000a5f00000)
 Metaspace       used 30151K, capacity 30824K, committed 30976K, reserved 1075200K
  class space    used 4124K, capacity 4323K, committed 4352K, reserved 1048576K
}
Event: 4.809 GC heap before
{Heap before GC invocations=7 (full 1):
 PSYoungGen      total 75776K, used 65753K [0x00000000e0000000, 0x00000000e7a80000, 0x0000000100000000)
  eden space 65024K, 88% used [0x00000000e0000000,0x00000000e383bb48,0x00000000e3f80000)
  from space 10752K, 75% used [0x00000000e3f80000,0x00000000e477a920,0x00000000e4a00000)
  to   space 12288K, 0% used [0x00000000e6e80000,0x00000000e6e80000,0x00000000e7a80000)
 ParOldGen       total 97280K, used 6991K [0x00000000a0000000, 0x00000000a5f00000, 0x00000000e0000000)
  object space 97280K, 7% used [0x00000000a0000000,0x00000000a06d3f60,0x00000000a5f00000)
 Metaspace       used 34396K, capacity 35190K, committed 35416K, reserved 1079296K
  class space    used 4684K, capacity 4957K, committed 4992K, reserved 1048576K
Event: 4.815 GC heap after
Heap after GC invocations=7 (full 1):
 PSYoungGen      total 110080K, used 9859K [0x00000000e0000000, 0x00000000e7900000, 0x0000000100000000)
  eden space 99328K, 0% used [0x00000000e0000000,0x00000000e0000000,0x00000000e6100000)
  from space 10752K, 91% used [0x00000000e6e80000,0x00000000e7820f80,0x00000000e7900000)
  to   space 12288K, 0% used [0x00000000e6100000,0x00000000e6100000,0x00000000e6d00000)
 ParOldGen       total 97280K, used 6999K [0x00000000a0000000, 0x00000000a5f00000, 0x00000000e0000000)
  object space 97280K, 7% used [0x00000000a0000000,0x00000000a06d5f60,0x00000000a5f00000)
 Metaspace       used 34396K, capacity 35190K, committed 35416K, reserved 1079296K
  class space    used 4684K, capacity 4957K, committed 4992K, reserved 1048576K
}
Event: 4.815 GC heap before
{Heap before GC invocations=8 (full 2):
 PSYoungGen      total 110080K, used 9859K [0x00000000e0000000, 0x00000000e7900000, 0x0000000100000000)
  eden space 99328K, 0% used [0x00000000e0000000,0x00000000e0000000,0x00000000e6100000)
  from space 10752K, 91% used [0x00000000e6e80000,0x00000000e7820f80,0x00000000e7900000)
  to   space 12288K, 0% used [0x00000000e6100000,0x00000000e6100000,0x00000000e6d00000)
 ParOldGen       total 97280K, used 6999K [0x00000000a0000000, 0x00000000a5f00000, 0x00000000e0000000)
  object space 97280K, 7% used [0x00000000a0000000,0x00000000a06d5f60,0x00000000a5f00000)
 Metaspace       used 34396K, capacity 35190K, committed 35416K, reserved 1079296K
  class space    used 4684K, capacity 4957K, committed 4992K, reserved 1048576K
Event: 4.901 GC heap after
Heap after GC invocations=8 (full 2):
 PSYoungGen      total 110080K, used 0K [0x00000000e0000000, 0x00000000e7900000, 0x0000000100000000)
  eden space 99328K, 0% used [0x00000000e0000000,0x00000000e0000000,0x00000000e6100000)
  from space 10752K, 0% used [0x00000000e6e80000,0x00000000e6e80000,0x00000000e7900000)
  to   space 12288K, 0% used [0x00000000e6100000,0x00000000e6100000,0x00000000e6d00000)
 ParOldGen       total 97280K, used 16037K [0x00000000a0000000, 0x00000000a5f00000, 0x00000000e0000000)
  object space 97280K, 16% used [0x00000000a0000000,0x00000000a0fa9778,0x00000000a5f00000)
 Metaspace       used 34396K, capacity 35190K, committed 35416K, reserved 1079296K
  class space    used 4684K, capacity 4957K, committed 4992K, reserved 1048576K
}
Event: 5.641 GC heap before
{Heap before GC invocations=9 (full 2):
 PSYoungGen      total 110080K, used 99328K [0x00000000e0000000, 0x00000000e7900000, 0x0000000100000000)
  eden space 99328K, 100% used [0x00000000e0000000,0x00000000e6100000,0x00000000e6100000)
  from space 10752K, 0% used [0x00000000e6e80000,0x00000000e6e80000,0x00000000e7900000)
  to   space 12288K, 0% used [0x00000000e6100000,0x00000000e6100000,0x00000000e6d00000)
 ParOldGen       total 97280K, used 16037K [0x00000000a0000000, 0x00000000a5f00000, 0x00000000e0000000)
  object space 97280K, 16% used [0x00000000a0000000,0x00000000a0fa9778,0x00000000a5f00000)
 Metaspace       used 41137K, capacity 41990K, committed 42328K, reserved 1085440K
  class space    used 5498K, capacity 5758K, committed 5760K, reserved 1048576K
Event: 5.649 GC heap after
Heap after GC invocations=9 (full 2):
 PSYoungGen      total 111616K, used 11121K [0x00000000e0000000, 0x00000000e7900000, 0x0000000100000000)
  eden space 99328K, 0% used [0x00000000e0000000,0x00000000e0000000,0x00000000e6100000)
  from space 12288K, 90% used [0x00000000e6100000,0x00000000e6bdc758,0x00000000e6d00000)
  to   space 10752K, 0% used [0x00000000e6e80000,0x00000000e6e80000,0x00000000e7900000)
 ParOldGen       total 97280K, used 16045K [0x00000000a0000000, 0x00000000a5f00000, 0x00000000e0000000)
  object space 97280K, 16% used [0x00000000a0000000,0x00000000a0fab778,0x00000000a5f00000)
 Metaspace       used 41137K, capacity 41990K, committed 42328K, reserved 1085440K
  class space    used 5498K, capacity 5758K, committed 5760K, reserved 1048576K
}

